<?xml version="1.0" encoding="UTF-8"?>
<testng-results ignored="0" total="6" passed="6" failed="0" skipped="0">
  <reporter-output>
  </reporter-output>
  <suite started-at="2021-05-19T03:40:39 IST" name="Suite" finished-at="2021-05-19T03:40:40 IST" duration-ms="151">
    <groups>
    </groups>
    <test started-at="2021-05-19T03:40:39 IST" name="Test" finished-at="2021-05-19T03:40:40 IST" duration-ms="151">
      <class name="qaclickacademy.Mavenjava.AppiumTest">
        <test-method signature="IOSApps()[pri:0, instance:qaclickacademy.Mavenjava.AppiumTest@5136d012]" started-at="2021-05-19T03:40:40 IST" name="IOSApps" finished-at="2021-05-19T03:40:40 IST" duration-ms="12" status="PASS">
          <reporter-output>
          </reporter-output>
        </test-method> <!-- IOSApps -->
        <test-method signature="NativeAppAndroid()[pri:0, instance:qaclickacademy.Mavenjava.AppiumTest@5136d012]" started-at="2021-05-19T03:40:40 IST" name="NativeAppAndroid" finished-at="2021-05-19T03:40:40 IST" duration-ms="1" status="PASS">
          <reporter-output>
          </reporter-output>
        </test-method> <!-- NativeAppAndroid -->
      </class> <!-- qaclickacademy.Mavenjava.AppiumTest -->
      <class name="qaclickacademy.Mavenjava.RESTAPITest">
        <test-method signature="deleteTwitter()[pri:0, instance:qaclickacademy.Mavenjava.RESTAPITest@26275bef]" started-at="2021-05-19T03:40:40 IST" name="deleteTwitter" finished-at="2021-05-19T03:40:40 IST" duration-ms="0" status="PASS">
          <reporter-output>
          </reporter-output>
        </test-method> <!-- deleteTwitter -->
        <test-method signature="postJira()[pri:0, instance:qaclickacademy.Mavenjava.RESTAPITest@26275bef]" started-at="2021-05-19T03:40:40 IST" name="postJira" finished-at="2021-05-19T03:40:40 IST" duration-ms="0" status="PASS">
          <reporter-output>
          </reporter-output>
        </test-method> <!-- postJira -->
      </class> <!-- qaclickacademy.Mavenjava.RESTAPITest -->
      <class name="qaclickacademy.Mavenjava.SeleniumTest">
        <test-method signature="BrowserAutomation()[pri:0, instance:qaclickacademy.Mavenjava.SeleniumTest@4d910fd6]" started-at="2021-05-19T03:40:40 IST" name="BrowserAutomation" finished-at="2021-05-19T03:40:40 IST" duration-ms="0" status="PASS">
          <reporter-output>
          </reporter-output>
        </test-method> <!-- BrowserAutomation -->
        <test-method signature="elementsUi()[pri:0, instance:qaclickacademy.Mavenjava.SeleniumTest@4d910fd6]" started-at="2021-05-19T03:40:40 IST" name="elementsUi" finished-at="2021-05-19T03:40:40 IST" duration-ms="1" status="PASS">
          <reporter-output>
          </reporter-output>
        </test-method> <!-- elementsUi -->
      </class> <!-- qaclickacademy.Mavenjava.SeleniumTest -->
    </test> <!-- Test -->
  </suite> <!-- Suite -->
</testng-results>
