<?xml version="1.0" encoding="UTF-8"?>
<testng-results ignored="0" total="2" passed="2" failed="0" skipped="0">
  <reporter-output>
  </reporter-output>
  <suite started-at="2021-05-07T23:54:10 IST" name="Default suite" finished-at="2021-05-07T23:54:10 IST" duration-ms="73">
    <groups>
    </groups>
    <test started-at="2021-05-07T23:54:10 IST" name="Default test" finished-at="2021-05-07T23:54:10 IST" duration-ms="73">
      <class name="qaclickacademy.Mavenjava.SeleniumTest">
        <test-method signature="BrowserAutomation()[pri:0, instance:qaclickacademy.Mavenjava.SeleniumTest@61386958]" started-at="2021-05-07T23:54:10 IST" name="BrowserAutomation" finished-at="2021-05-07T23:54:10 IST" duration-ms="12" status="PASS">
          <reporter-output>
          </reporter-output>
        </test-method> <!-- BrowserAutomation -->
        <test-method signature="elementsUi()[pri:0, instance:qaclickacademy.Mavenjava.SeleniumTest@61386958]" started-at="2021-05-07T23:54:10 IST" name="elementsUi" finished-at="2021-05-07T23:54:10 IST" duration-ms="3" status="PASS">
          <reporter-output>
          </reporter-output>
        </test-method> <!-- elementsUi -->
      </class> <!-- qaclickacademy.Mavenjava.SeleniumTest -->
    </test> <!-- Default test -->
  </suite> <!-- Default suite -->
</testng-results>
